The target system is: Generic -  - ARM
The host system is: Windows - 10.0.22621 - AMD64
Compiling the C compiler identification source file "CMakeCCompilerId.c" succeeded.
Compiler: D:/CODE/Neoway/N58/R08/N58-R08-STD-OE_V20_VOLTE_ZT-002/core_sdk/prebuilts/win32/gcc-arm-none-eabi/bin/arm-none-eabi-gcc.exe 
Build flags: ;-std=gnu11
Id flags: -c 

The output was:
0


Compilation of the C compiler identification source "CMakeCCompilerId.c" produced "CMakeCCompilerId.o"

The C compiler identification is GNU, found in "D:/CODE/Neoway/N58/R08/N58-R08-STD-OE_V20_VOLTE_ZT-002/core_sdk/out/appimage_release/CMakeFiles/3.16.4/CompilerIdC/CMakeCCompilerId.o"

Compiling the CXX compiler identification source file "CMakeCXXCompilerId.cpp" succeeded.
Compiler: D:/CODE/Neoway/N58/R08/N58-R08-STD-OE_V20_VOLTE_ZT-002/core_sdk/prebuilts/win32/gcc-arm-none-eabi/bin/arm-none-eabi-g++.exe 
Build flags: ;-std=c++11;-fno-exceptions;-fno-rtti;-fno-threadsafe-statics
Id flags: -c 

The output was:
0


Compilation of the CXX compiler identification source "CMakeCXXCompilerId.cpp" produced "CMakeCXXCompilerId.o"

The CXX compiler identification is GNU, found in "D:/CODE/Neoway/N58/R08/N58-R08-STD-OE_V20_VOLTE_ZT-002/core_sdk/out/appimage_release/CMakeFiles/3.16.4/CompilerIdCXX/CMakeCXXCompilerId.o"

Checking whether the ASM compiler is GNU using "--version" matched "(GNU assembler)|(GCC)|(Free Software Foundation)":
arm-none-eabi-gcc.exe (GNU Tools for Arm Embedded Processors 7-2017-q4-major) 7.2.1 20170904 (release) [ARM/embedded-7-branch revision 255204]
Copyright (C) 2017 Free Software Foundation, Inc.
This is free software; see the source for copying conditions.  There is NO
warranty; not even for MERCHANTABILITY or FITNESS FOR A PARTICULAR PURPOSE.

